ARM GAS  C:\Users\Giorgio\AppData\Local\Temp\ccrrPKCU.s 			page 1


   1              		.cpu cortex-m7
   2              		.eabi_attribute 28, 1
   3              		.eabi_attribute 20, 1
   4              		.eabi_attribute 21, 1
   5              		.eabi_attribute 23, 3
   6              		.eabi_attribute 24, 1
   7              		.eabi_attribute 25, 1
   8              		.eabi_attribute 26, 1
   9              		.eabi_attribute 30, 1
  10              		.eabi_attribute 34, 1
  11              		.eabi_attribute 18, 4
  12              		.file	"stm32f7xx_hal_msp.c"
  13              		.text
  14              	.Ltext0:
  15              		.cfi_sections	.debug_frame
  16              		.section	.text.HAL_MspInit,"ax",%progbits
  17              		.align	1
  18              		.global	HAL_MspInit
  19              		.arch armv7e-m
  20              		.syntax unified
  21              		.thumb
  22              		.thumb_func
  23              		.fpu fpv5-d16
  25              	HAL_MspInit:
  26              	.LFB848:
  27              		.file 1 "Src/stm32f7xx_hal_msp.c"
   1:Src/stm32f7xx_hal_msp.c **** /* USER CODE BEGIN Header */
   2:Src/stm32f7xx_hal_msp.c **** /**
   3:Src/stm32f7xx_hal_msp.c ****   ******************************************************************************
   4:Src/stm32f7xx_hal_msp.c ****   * File Name          : stm32f7xx_hal_msp.c
   5:Src/stm32f7xx_hal_msp.c ****   * Description        : This file provides code for the MSP Initialization 
   6:Src/stm32f7xx_hal_msp.c ****   *                      and de-Initialization codes.
   7:Src/stm32f7xx_hal_msp.c ****   ******************************************************************************
   8:Src/stm32f7xx_hal_msp.c ****   * @attention
   9:Src/stm32f7xx_hal_msp.c ****   *
  10:Src/stm32f7xx_hal_msp.c ****   * <h2><center>&copy; Copyright (c) 2021 STMicroelectronics.
  11:Src/stm32f7xx_hal_msp.c ****   * All rights reserved.</center></h2>
  12:Src/stm32f7xx_hal_msp.c ****   *
  13:Src/stm32f7xx_hal_msp.c ****   * This software component is licensed by ST under BSD 3-Clause license,
  14:Src/stm32f7xx_hal_msp.c ****   * the "License"; You may not use this file except in compliance with the
  15:Src/stm32f7xx_hal_msp.c ****   * License. You may obtain a copy of the License at:
  16:Src/stm32f7xx_hal_msp.c ****   *                        opensource.org/licenses/BSD-3-Clause
  17:Src/stm32f7xx_hal_msp.c ****   *
  18:Src/stm32f7xx_hal_msp.c ****   ******************************************************************************
  19:Src/stm32f7xx_hal_msp.c ****   */
  20:Src/stm32f7xx_hal_msp.c **** /* USER CODE END Header */
  21:Src/stm32f7xx_hal_msp.c **** 
  22:Src/stm32f7xx_hal_msp.c **** /* Includes ------------------------------------------------------------------*/
  23:Src/stm32f7xx_hal_msp.c **** #include "main.h"
  24:Src/stm32f7xx_hal_msp.c **** /* USER CODE BEGIN Includes */
  25:Src/stm32f7xx_hal_msp.c **** 
  26:Src/stm32f7xx_hal_msp.c **** /* USER CODE END Includes */
  27:Src/stm32f7xx_hal_msp.c **** extern DMA_HandleTypeDef hdma_uart7_rx;
  28:Src/stm32f7xx_hal_msp.c **** 
  29:Src/stm32f7xx_hal_msp.c **** /* Private typedef -----------------------------------------------------------*/
  30:Src/stm32f7xx_hal_msp.c **** /* USER CODE BEGIN TD */
  31:Src/stm32f7xx_hal_msp.c **** 
ARM GAS  C:\Users\Giorgio\AppData\Local\Temp\ccrrPKCU.s 			page 2


  32:Src/stm32f7xx_hal_msp.c **** /* USER CODE END TD */
  33:Src/stm32f7xx_hal_msp.c **** 
  34:Src/stm32f7xx_hal_msp.c **** /* Private define ------------------------------------------------------------*/
  35:Src/stm32f7xx_hal_msp.c **** /* USER CODE BEGIN Define */
  36:Src/stm32f7xx_hal_msp.c ****  
  37:Src/stm32f7xx_hal_msp.c **** /* USER CODE END Define */
  38:Src/stm32f7xx_hal_msp.c **** 
  39:Src/stm32f7xx_hal_msp.c **** /* Private macro -------------------------------------------------------------*/
  40:Src/stm32f7xx_hal_msp.c **** /* USER CODE BEGIN Macro */
  41:Src/stm32f7xx_hal_msp.c **** 
  42:Src/stm32f7xx_hal_msp.c **** /* USER CODE END Macro */
  43:Src/stm32f7xx_hal_msp.c **** 
  44:Src/stm32f7xx_hal_msp.c **** /* Private variables ---------------------------------------------------------*/
  45:Src/stm32f7xx_hal_msp.c **** /* USER CODE BEGIN PV */
  46:Src/stm32f7xx_hal_msp.c **** 
  47:Src/stm32f7xx_hal_msp.c **** /* USER CODE END PV */
  48:Src/stm32f7xx_hal_msp.c **** 
  49:Src/stm32f7xx_hal_msp.c **** /* Private function prototypes -----------------------------------------------*/
  50:Src/stm32f7xx_hal_msp.c **** /* USER CODE BEGIN PFP */
  51:Src/stm32f7xx_hal_msp.c **** 
  52:Src/stm32f7xx_hal_msp.c **** /* USER CODE END PFP */
  53:Src/stm32f7xx_hal_msp.c **** 
  54:Src/stm32f7xx_hal_msp.c **** /* External functions --------------------------------------------------------*/
  55:Src/stm32f7xx_hal_msp.c **** /* USER CODE BEGIN ExternalFunctions */
  56:Src/stm32f7xx_hal_msp.c **** 
  57:Src/stm32f7xx_hal_msp.c **** /* USER CODE END ExternalFunctions */
  58:Src/stm32f7xx_hal_msp.c **** 
  59:Src/stm32f7xx_hal_msp.c **** /* USER CODE BEGIN 0 */
  60:Src/stm32f7xx_hal_msp.c **** 
  61:Src/stm32f7xx_hal_msp.c **** /* USER CODE END 0 */
  62:Src/stm32f7xx_hal_msp.c **** /**
  63:Src/stm32f7xx_hal_msp.c ****   * Initializes the Global MSP.
  64:Src/stm32f7xx_hal_msp.c ****   */
  65:Src/stm32f7xx_hal_msp.c **** void HAL_MspInit(void)
  66:Src/stm32f7xx_hal_msp.c **** {
  28              		.loc 1 66 1 view -0
  29              		.cfi_startproc
  30              		@ args = 0, pretend = 0, frame = 8
  31              		@ frame_needed = 0, uses_anonymous_args = 0
  32              		@ link register save eliminated.
  33 0000 82B0     		sub	sp, sp, #8
  34              	.LCFI0:
  35              		.cfi_def_cfa_offset 8
  67:Src/stm32f7xx_hal_msp.c ****   /* USER CODE BEGIN MspInit 0 */
  68:Src/stm32f7xx_hal_msp.c **** 
  69:Src/stm32f7xx_hal_msp.c ****   /* USER CODE END MspInit 0 */
  70:Src/stm32f7xx_hal_msp.c **** 
  71:Src/stm32f7xx_hal_msp.c ****   __HAL_RCC_PWR_CLK_ENABLE();
  36              		.loc 1 71 3 view .LVU1
  37              	.LBB2:
  38              		.loc 1 71 3 view .LVU2
  39              		.loc 1 71 3 view .LVU3
  40 0002 0A4B     		ldr	r3, .L3
  41 0004 1A6C     		ldr	r2, [r3, #64]
  42 0006 42F08052 		orr	r2, r2, #268435456
  43 000a 1A64     		str	r2, [r3, #64]
  44              		.loc 1 71 3 view .LVU4
ARM GAS  C:\Users\Giorgio\AppData\Local\Temp\ccrrPKCU.s 			page 3


  45 000c 1A6C     		ldr	r2, [r3, #64]
  46 000e 02F08052 		and	r2, r2, #268435456
  47 0012 0092     		str	r2, [sp]
  48              		.loc 1 71 3 view .LVU5
  49 0014 009A     		ldr	r2, [sp]
  50              	.LBE2:
  51              		.loc 1 71 3 view .LVU6
  72:Src/stm32f7xx_hal_msp.c ****   __HAL_RCC_SYSCFG_CLK_ENABLE();
  52              		.loc 1 72 3 view .LVU7
  53              	.LBB3:
  54              		.loc 1 72 3 view .LVU8
  55              		.loc 1 72 3 view .LVU9
  56 0016 5A6C     		ldr	r2, [r3, #68]
  57 0018 42F48042 		orr	r2, r2, #16384
  58 001c 5A64     		str	r2, [r3, #68]
  59              		.loc 1 72 3 view .LVU10
  60 001e 5B6C     		ldr	r3, [r3, #68]
  61 0020 03F48043 		and	r3, r3, #16384
  62 0024 0193     		str	r3, [sp, #4]
  63              		.loc 1 72 3 view .LVU11
  64 0026 019B     		ldr	r3, [sp, #4]
  65              	.LBE3:
  66              		.loc 1 72 3 view .LVU12
  73:Src/stm32f7xx_hal_msp.c **** 
  74:Src/stm32f7xx_hal_msp.c ****   /* System interrupt init*/
  75:Src/stm32f7xx_hal_msp.c **** 
  76:Src/stm32f7xx_hal_msp.c ****   /* USER CODE BEGIN MspInit 1 */
  77:Src/stm32f7xx_hal_msp.c **** 
  78:Src/stm32f7xx_hal_msp.c ****   /* USER CODE END MspInit 1 */
  79:Src/stm32f7xx_hal_msp.c **** }
  67              		.loc 1 79 1 is_stmt 0 view .LVU13
  68 0028 02B0     		add	sp, sp, #8
  69              	.LCFI1:
  70              		.cfi_def_cfa_offset 0
  71              		@ sp needed
  72 002a 7047     		bx	lr
  73              	.L4:
  74              		.align	2
  75              	.L3:
  76 002c 00380240 		.word	1073887232
  77              		.cfi_endproc
  78              	.LFE848:
  80              		.section	.text.HAL_TIM_Base_MspInit,"ax",%progbits
  81              		.align	1
  82              		.global	HAL_TIM_Base_MspInit
  83              		.syntax unified
  84              		.thumb
  85              		.thumb_func
  86              		.fpu fpv5-d16
  88              	HAL_TIM_Base_MspInit:
  89              	.LVL0:
  90              	.LFB849:
  80:Src/stm32f7xx_hal_msp.c **** 
  81:Src/stm32f7xx_hal_msp.c **** /**
  82:Src/stm32f7xx_hal_msp.c **** * @brief TIM_Base MSP Initialization
  83:Src/stm32f7xx_hal_msp.c **** * This function configures the hardware resources used in this example
  84:Src/stm32f7xx_hal_msp.c **** * @param htim_base: TIM_Base handle pointer
ARM GAS  C:\Users\Giorgio\AppData\Local\Temp\ccrrPKCU.s 			page 4


  85:Src/stm32f7xx_hal_msp.c **** * @retval None
  86:Src/stm32f7xx_hal_msp.c **** */
  87:Src/stm32f7xx_hal_msp.c **** void HAL_TIM_Base_MspInit(TIM_HandleTypeDef* htim_base)
  88:Src/stm32f7xx_hal_msp.c **** {
  91              		.loc 1 88 1 is_stmt 1 view -0
  92              		.cfi_startproc
  93              		@ args = 0, pretend = 0, frame = 8
  94              		@ frame_needed = 0, uses_anonymous_args = 0
  89:Src/stm32f7xx_hal_msp.c ****   if(htim_base->Instance==TIM2)
  95              		.loc 1 89 3 view .LVU15
  96              		.loc 1 89 15 is_stmt 0 view .LVU16
  97 0000 0368     		ldr	r3, [r0]
  98              		.loc 1 89 5 view .LVU17
  99 0002 B3F1804F 		cmp	r3, #1073741824
 100 0006 00D0     		beq	.L11
 101 0008 7047     		bx	lr
 102              	.L11:
  88:Src/stm32f7xx_hal_msp.c ****   if(htim_base->Instance==TIM2)
 103              		.loc 1 88 1 view .LVU18
 104 000a 00B5     		push	{lr}
 105              	.LCFI2:
 106              		.cfi_def_cfa_offset 4
 107              		.cfi_offset 14, -4
 108 000c 83B0     		sub	sp, sp, #12
 109              	.LCFI3:
 110              		.cfi_def_cfa_offset 16
  90:Src/stm32f7xx_hal_msp.c ****   {
  91:Src/stm32f7xx_hal_msp.c ****   /* USER CODE BEGIN TIM2_MspInit 0 */
  92:Src/stm32f7xx_hal_msp.c **** 
  93:Src/stm32f7xx_hal_msp.c ****   /* USER CODE END TIM2_MspInit 0 */
  94:Src/stm32f7xx_hal_msp.c ****     /* Peripheral clock enable */
  95:Src/stm32f7xx_hal_msp.c ****     __HAL_RCC_TIM2_CLK_ENABLE();
 111              		.loc 1 95 5 is_stmt 1 view .LVU19
 112              	.LBB4:
 113              		.loc 1 95 5 view .LVU20
 114              		.loc 1 95 5 view .LVU21
 115 000e 03F50E33 		add	r3, r3, #145408
 116 0012 1A6C     		ldr	r2, [r3, #64]
 117 0014 42F00102 		orr	r2, r2, #1
 118 0018 1A64     		str	r2, [r3, #64]
 119              		.loc 1 95 5 view .LVU22
 120 001a 1B6C     		ldr	r3, [r3, #64]
 121 001c 03F00103 		and	r3, r3, #1
 122 0020 0193     		str	r3, [sp, #4]
 123              		.loc 1 95 5 view .LVU23
 124 0022 019B     		ldr	r3, [sp, #4]
 125              	.LBE4:
 126              		.loc 1 95 5 view .LVU24
  96:Src/stm32f7xx_hal_msp.c ****     /* TIM2 interrupt Init */
  97:Src/stm32f7xx_hal_msp.c ****     HAL_NVIC_SetPriority(TIM2_IRQn, 0, 0);
 127              		.loc 1 97 5 view .LVU25
 128 0024 0022     		movs	r2, #0
 129 0026 1146     		mov	r1, r2
 130 0028 1C20     		movs	r0, #28
 131              	.LVL1:
 132              		.loc 1 97 5 is_stmt 0 view .LVU26
 133 002a FFF7FEFF 		bl	HAL_NVIC_SetPriority
ARM GAS  C:\Users\Giorgio\AppData\Local\Temp\ccrrPKCU.s 			page 5


 134              	.LVL2:
  98:Src/stm32f7xx_hal_msp.c ****     HAL_NVIC_EnableIRQ(TIM2_IRQn);
 135              		.loc 1 98 5 is_stmt 1 view .LVU27
 136 002e 1C20     		movs	r0, #28
 137 0030 FFF7FEFF 		bl	HAL_NVIC_EnableIRQ
 138              	.LVL3:
  99:Src/stm32f7xx_hal_msp.c ****   /* USER CODE BEGIN TIM2_MspInit 1 */
 100:Src/stm32f7xx_hal_msp.c **** 
 101:Src/stm32f7xx_hal_msp.c ****   /* USER CODE END TIM2_MspInit 1 */
 102:Src/stm32f7xx_hal_msp.c ****   }
 103:Src/stm32f7xx_hal_msp.c **** 
 104:Src/stm32f7xx_hal_msp.c **** }
 139              		.loc 1 104 1 is_stmt 0 view .LVU28
 140 0034 03B0     		add	sp, sp, #12
 141              	.LCFI4:
 142              		.cfi_def_cfa_offset 4
 143              		@ sp needed
 144 0036 5DF804FB 		ldr	pc, [sp], #4
 145              		.cfi_endproc
 146              	.LFE849:
 148              		.section	.text.HAL_TIM_Base_MspDeInit,"ax",%progbits
 149              		.align	1
 150              		.global	HAL_TIM_Base_MspDeInit
 151              		.syntax unified
 152              		.thumb
 153              		.thumb_func
 154              		.fpu fpv5-d16
 156              	HAL_TIM_Base_MspDeInit:
 157              	.LVL4:
 158              	.LFB850:
 105:Src/stm32f7xx_hal_msp.c **** 
 106:Src/stm32f7xx_hal_msp.c **** /**
 107:Src/stm32f7xx_hal_msp.c **** * @brief TIM_Base MSP De-Initialization
 108:Src/stm32f7xx_hal_msp.c **** * This function freeze the hardware resources used in this example
 109:Src/stm32f7xx_hal_msp.c **** * @param htim_base: TIM_Base handle pointer
 110:Src/stm32f7xx_hal_msp.c **** * @retval None
 111:Src/stm32f7xx_hal_msp.c **** */
 112:Src/stm32f7xx_hal_msp.c **** void HAL_TIM_Base_MspDeInit(TIM_HandleTypeDef* htim_base)
 113:Src/stm32f7xx_hal_msp.c **** {
 159              		.loc 1 113 1 is_stmt 1 view -0
 160              		.cfi_startproc
 161              		@ args = 0, pretend = 0, frame = 0
 162              		@ frame_needed = 0, uses_anonymous_args = 0
 163              		.loc 1 113 1 is_stmt 0 view .LVU30
 164 0000 08B5     		push	{r3, lr}
 165              	.LCFI5:
 166              		.cfi_def_cfa_offset 8
 167              		.cfi_offset 3, -8
 168              		.cfi_offset 14, -4
 114:Src/stm32f7xx_hal_msp.c ****   if(htim_base->Instance==TIM2)
 169              		.loc 1 114 3 is_stmt 1 view .LVU31
 170              		.loc 1 114 15 is_stmt 0 view .LVU32
 171 0002 0368     		ldr	r3, [r0]
 172              		.loc 1 114 5 view .LVU33
 173 0004 B3F1804F 		cmp	r3, #1073741824
 174 0008 00D0     		beq	.L15
 175              	.LVL5:
ARM GAS  C:\Users\Giorgio\AppData\Local\Temp\ccrrPKCU.s 			page 6


 176              	.L12:
 115:Src/stm32f7xx_hal_msp.c ****   {
 116:Src/stm32f7xx_hal_msp.c ****   /* USER CODE BEGIN TIM2_MspDeInit 0 */
 117:Src/stm32f7xx_hal_msp.c **** 
 118:Src/stm32f7xx_hal_msp.c ****   /* USER CODE END TIM2_MspDeInit 0 */
 119:Src/stm32f7xx_hal_msp.c ****     /* Peripheral clock disable */
 120:Src/stm32f7xx_hal_msp.c ****     __HAL_RCC_TIM2_CLK_DISABLE();
 121:Src/stm32f7xx_hal_msp.c **** 
 122:Src/stm32f7xx_hal_msp.c ****     /* TIM2 interrupt DeInit */
 123:Src/stm32f7xx_hal_msp.c ****     HAL_NVIC_DisableIRQ(TIM2_IRQn);
 124:Src/stm32f7xx_hal_msp.c ****   /* USER CODE BEGIN TIM2_MspDeInit 1 */
 125:Src/stm32f7xx_hal_msp.c **** 
 126:Src/stm32f7xx_hal_msp.c ****   /* USER CODE END TIM2_MspDeInit 1 */
 127:Src/stm32f7xx_hal_msp.c ****   }
 128:Src/stm32f7xx_hal_msp.c **** 
 129:Src/stm32f7xx_hal_msp.c **** }
 177              		.loc 1 129 1 view .LVU34
 178 000a 08BD     		pop	{r3, pc}
 179              	.LVL6:
 180              	.L15:
 120:Src/stm32f7xx_hal_msp.c **** 
 181              		.loc 1 120 5 is_stmt 1 view .LVU35
 182 000c 044A     		ldr	r2, .L16
 183 000e 136C     		ldr	r3, [r2, #64]
 184 0010 23F00103 		bic	r3, r3, #1
 185 0014 1364     		str	r3, [r2, #64]
 123:Src/stm32f7xx_hal_msp.c ****   /* USER CODE BEGIN TIM2_MspDeInit 1 */
 186              		.loc 1 123 5 view .LVU36
 187 0016 1C20     		movs	r0, #28
 188              	.LVL7:
 123:Src/stm32f7xx_hal_msp.c ****   /* USER CODE BEGIN TIM2_MspDeInit 1 */
 189              		.loc 1 123 5 is_stmt 0 view .LVU37
 190 0018 FFF7FEFF 		bl	HAL_NVIC_DisableIRQ
 191              	.LVL8:
 192              		.loc 1 129 1 view .LVU38
 193 001c F5E7     		b	.L12
 194              	.L17:
 195 001e 00BF     		.align	2
 196              	.L16:
 197 0020 00380240 		.word	1073887232
 198              		.cfi_endproc
 199              	.LFE850:
 201              		.section	.text.HAL_UART_MspInit,"ax",%progbits
 202              		.align	1
 203              		.global	HAL_UART_MspInit
 204              		.syntax unified
 205              		.thumb
 206              		.thumb_func
 207              		.fpu fpv5-d16
 209              	HAL_UART_MspInit:
 210              	.LVL9:
 211              	.LFB851:
 130:Src/stm32f7xx_hal_msp.c **** 
 131:Src/stm32f7xx_hal_msp.c **** /**
 132:Src/stm32f7xx_hal_msp.c **** * @brief UART MSP Initialization
 133:Src/stm32f7xx_hal_msp.c **** * This function configures the hardware resources used in this example
 134:Src/stm32f7xx_hal_msp.c **** * @param huart: UART handle pointer
ARM GAS  C:\Users\Giorgio\AppData\Local\Temp\ccrrPKCU.s 			page 7


 135:Src/stm32f7xx_hal_msp.c **** * @retval None
 136:Src/stm32f7xx_hal_msp.c **** */
 137:Src/stm32f7xx_hal_msp.c **** void HAL_UART_MspInit(UART_HandleTypeDef* huart)
 138:Src/stm32f7xx_hal_msp.c **** {
 212              		.loc 1 138 1 is_stmt 1 view -0
 213              		.cfi_startproc
 214              		@ args = 0, pretend = 0, frame = 40
 215              		@ frame_needed = 0, uses_anonymous_args = 0
 216              		.loc 1 138 1 is_stmt 0 view .LVU40
 217 0000 10B5     		push	{r4, lr}
 218              	.LCFI6:
 219              		.cfi_def_cfa_offset 8
 220              		.cfi_offset 4, -8
 221              		.cfi_offset 14, -4
 222 0002 8AB0     		sub	sp, sp, #40
 223              	.LCFI7:
 224              		.cfi_def_cfa_offset 48
 139:Src/stm32f7xx_hal_msp.c ****   GPIO_InitTypeDef GPIO_InitStruct = {0};
 225              		.loc 1 139 3 is_stmt 1 view .LVU41
 226              		.loc 1 139 20 is_stmt 0 view .LVU42
 227 0004 0023     		movs	r3, #0
 228 0006 0593     		str	r3, [sp, #20]
 229 0008 0693     		str	r3, [sp, #24]
 230 000a 0793     		str	r3, [sp, #28]
 231 000c 0893     		str	r3, [sp, #32]
 232 000e 0993     		str	r3, [sp, #36]
 140:Src/stm32f7xx_hal_msp.c ****   if(huart->Instance==UART4)
 233              		.loc 1 140 3 is_stmt 1 view .LVU43
 234              		.loc 1 140 11 is_stmt 0 view .LVU44
 235 0010 0368     		ldr	r3, [r0]
 236              		.loc 1 140 5 view .LVU45
 237 0012 334A     		ldr	r2, .L26
 238 0014 9342     		cmp	r3, r2
 239 0016 05D0     		beq	.L23
 240 0018 0446     		mov	r4, r0
 141:Src/stm32f7xx_hal_msp.c ****   {
 142:Src/stm32f7xx_hal_msp.c ****   /* USER CODE BEGIN UART4_MspInit 0 */
 143:Src/stm32f7xx_hal_msp.c **** 
 144:Src/stm32f7xx_hal_msp.c ****   /* USER CODE END UART4_MspInit 0 */
 145:Src/stm32f7xx_hal_msp.c ****     /* Peripheral clock enable */
 146:Src/stm32f7xx_hal_msp.c ****     __HAL_RCC_UART4_CLK_ENABLE();
 147:Src/stm32f7xx_hal_msp.c ****   
 148:Src/stm32f7xx_hal_msp.c ****     __HAL_RCC_GPIOA_CLK_ENABLE();
 149:Src/stm32f7xx_hal_msp.c ****     /**UART4 GPIO Configuration    
 150:Src/stm32f7xx_hal_msp.c ****     PA11     ------> UART4_RX
 151:Src/stm32f7xx_hal_msp.c ****     PA12     ------> UART4_TX 
 152:Src/stm32f7xx_hal_msp.c ****     */
 153:Src/stm32f7xx_hal_msp.c ****     GPIO_InitStruct.Pin = GPIO_PIN_11|GPIO_PIN_12;
 154:Src/stm32f7xx_hal_msp.c ****     GPIO_InitStruct.Mode = GPIO_MODE_AF_PP;
 155:Src/stm32f7xx_hal_msp.c ****     GPIO_InitStruct.Pull = GPIO_NOPULL;
 156:Src/stm32f7xx_hal_msp.c ****     GPIO_InitStruct.Speed = GPIO_SPEED_FREQ_VERY_HIGH;
 157:Src/stm32f7xx_hal_msp.c ****     GPIO_InitStruct.Alternate = GPIO_AF6_UART4;
 158:Src/stm32f7xx_hal_msp.c ****     HAL_GPIO_Init(GPIOA, &GPIO_InitStruct);
 159:Src/stm32f7xx_hal_msp.c **** 
 160:Src/stm32f7xx_hal_msp.c ****   /* USER CODE BEGIN UART4_MspInit 1 */
 161:Src/stm32f7xx_hal_msp.c **** 
 162:Src/stm32f7xx_hal_msp.c ****   /* USER CODE END UART4_MspInit 1 */
ARM GAS  C:\Users\Giorgio\AppData\Local\Temp\ccrrPKCU.s 			page 8


 163:Src/stm32f7xx_hal_msp.c ****   }
 164:Src/stm32f7xx_hal_msp.c ****   else if(huart->Instance==UART7)
 241              		.loc 1 164 8 is_stmt 1 view .LVU46
 242              		.loc 1 164 10 is_stmt 0 view .LVU47
 243 001a 324A     		ldr	r2, .L26+4
 244 001c 9342     		cmp	r3, r2
 245 001e 22D0     		beq	.L24
 246              	.LVL10:
 247              	.L18:
 165:Src/stm32f7xx_hal_msp.c ****   {
 166:Src/stm32f7xx_hal_msp.c ****   /* USER CODE BEGIN UART7_MspInit 0 */
 167:Src/stm32f7xx_hal_msp.c **** 
 168:Src/stm32f7xx_hal_msp.c ****   /* USER CODE END UART7_MspInit 0 */
 169:Src/stm32f7xx_hal_msp.c ****     /* Peripheral clock enable */
 170:Src/stm32f7xx_hal_msp.c ****     __HAL_RCC_UART7_CLK_ENABLE();
 171:Src/stm32f7xx_hal_msp.c ****   
 172:Src/stm32f7xx_hal_msp.c ****     __HAL_RCC_GPIOE_CLK_ENABLE();
 173:Src/stm32f7xx_hal_msp.c ****     /**UART7 GPIO Configuration    
 174:Src/stm32f7xx_hal_msp.c ****     PE7     ------> UART7_RX
 175:Src/stm32f7xx_hal_msp.c ****     PE8     ------> UART7_TX 
 176:Src/stm32f7xx_hal_msp.c ****     */
 177:Src/stm32f7xx_hal_msp.c ****     GPIO_InitStruct.Pin = GPIO_PIN_7|GPIO_PIN_8;
 178:Src/stm32f7xx_hal_msp.c ****     GPIO_InitStruct.Mode = GPIO_MODE_AF_PP;
 179:Src/stm32f7xx_hal_msp.c ****     GPIO_InitStruct.Pull = GPIO_NOPULL;
 180:Src/stm32f7xx_hal_msp.c ****     GPIO_InitStruct.Speed = GPIO_SPEED_FREQ_VERY_HIGH;
 181:Src/stm32f7xx_hal_msp.c ****     GPIO_InitStruct.Alternate = GPIO_AF8_UART7;
 182:Src/stm32f7xx_hal_msp.c ****     HAL_GPIO_Init(GPIOE, &GPIO_InitStruct);
 183:Src/stm32f7xx_hal_msp.c **** 
 184:Src/stm32f7xx_hal_msp.c ****     /* UART7 DMA Init */
 185:Src/stm32f7xx_hal_msp.c ****     /* UART7_RX Init */
 186:Src/stm32f7xx_hal_msp.c ****     hdma_uart7_rx.Instance = DMA1_Stream3;
 187:Src/stm32f7xx_hal_msp.c ****     hdma_uart7_rx.Init.Channel = DMA_CHANNEL_5;
 188:Src/stm32f7xx_hal_msp.c ****     hdma_uart7_rx.Init.Direction = DMA_PERIPH_TO_MEMORY;
 189:Src/stm32f7xx_hal_msp.c ****     hdma_uart7_rx.Init.PeriphInc = DMA_PINC_DISABLE;
 190:Src/stm32f7xx_hal_msp.c ****     hdma_uart7_rx.Init.MemInc = DMA_MINC_ENABLE;
 191:Src/stm32f7xx_hal_msp.c ****     hdma_uart7_rx.Init.PeriphDataAlignment = DMA_PDATAALIGN_BYTE;
 192:Src/stm32f7xx_hal_msp.c ****     hdma_uart7_rx.Init.MemDataAlignment = DMA_MDATAALIGN_BYTE;
 193:Src/stm32f7xx_hal_msp.c ****     hdma_uart7_rx.Init.Mode = DMA_NORMAL;
 194:Src/stm32f7xx_hal_msp.c ****     hdma_uart7_rx.Init.Priority = DMA_PRIORITY_HIGH;
 195:Src/stm32f7xx_hal_msp.c ****     hdma_uart7_rx.Init.FIFOMode = DMA_FIFOMODE_DISABLE;
 196:Src/stm32f7xx_hal_msp.c ****     if (HAL_DMA_Init(&hdma_uart7_rx) != HAL_OK)
 197:Src/stm32f7xx_hal_msp.c ****     {
 198:Src/stm32f7xx_hal_msp.c ****       Error_Handler();
 199:Src/stm32f7xx_hal_msp.c ****     }
 200:Src/stm32f7xx_hal_msp.c **** 
 201:Src/stm32f7xx_hal_msp.c ****     __HAL_LINKDMA(huart,hdmarx,hdma_uart7_rx);
 202:Src/stm32f7xx_hal_msp.c **** 
 203:Src/stm32f7xx_hal_msp.c ****   /* USER CODE BEGIN UART7_MspInit 1 */
 204:Src/stm32f7xx_hal_msp.c **** 
 205:Src/stm32f7xx_hal_msp.c ****   /* USER CODE END UART7_MspInit 1 */
 206:Src/stm32f7xx_hal_msp.c ****   }
 207:Src/stm32f7xx_hal_msp.c **** 
 208:Src/stm32f7xx_hal_msp.c **** }
 248              		.loc 1 208 1 view .LVU48
 249 0020 0AB0     		add	sp, sp, #40
 250              	.LCFI8:
 251              		.cfi_remember_state
ARM GAS  C:\Users\Giorgio\AppData\Local\Temp\ccrrPKCU.s 			page 9


 252              		.cfi_def_cfa_offset 8
 253              		@ sp needed
 254 0022 10BD     		pop	{r4, pc}
 255              	.LVL11:
 256              	.L23:
 257              	.LCFI9:
 258              		.cfi_restore_state
 146:Src/stm32f7xx_hal_msp.c ****   
 259              		.loc 1 146 5 is_stmt 1 view .LVU49
 260              	.LBB5:
 146:Src/stm32f7xx_hal_msp.c ****   
 261              		.loc 1 146 5 view .LVU50
 146:Src/stm32f7xx_hal_msp.c ****   
 262              		.loc 1 146 5 view .LVU51
 263 0024 304B     		ldr	r3, .L26+8
 264 0026 1A6C     		ldr	r2, [r3, #64]
 265 0028 42F40022 		orr	r2, r2, #524288
 266 002c 1A64     		str	r2, [r3, #64]
 146:Src/stm32f7xx_hal_msp.c ****   
 267              		.loc 1 146 5 view .LVU52
 268 002e 1A6C     		ldr	r2, [r3, #64]
 269 0030 02F40022 		and	r2, r2, #524288
 270 0034 0192     		str	r2, [sp, #4]
 146:Src/stm32f7xx_hal_msp.c ****   
 271              		.loc 1 146 5 view .LVU53
 272 0036 019A     		ldr	r2, [sp, #4]
 273              	.LBE5:
 146:Src/stm32f7xx_hal_msp.c ****   
 274              		.loc 1 146 5 view .LVU54
 148:Src/stm32f7xx_hal_msp.c ****     /**UART4 GPIO Configuration    
 275              		.loc 1 148 5 view .LVU55
 276              	.LBB6:
 148:Src/stm32f7xx_hal_msp.c ****     /**UART4 GPIO Configuration    
 277              		.loc 1 148 5 view .LVU56
 148:Src/stm32f7xx_hal_msp.c ****     /**UART4 GPIO Configuration    
 278              		.loc 1 148 5 view .LVU57
 279 0038 1A6B     		ldr	r2, [r3, #48]
 280 003a 42F00102 		orr	r2, r2, #1
 281 003e 1A63     		str	r2, [r3, #48]
 148:Src/stm32f7xx_hal_msp.c ****     /**UART4 GPIO Configuration    
 282              		.loc 1 148 5 view .LVU58
 283 0040 1B6B     		ldr	r3, [r3, #48]
 284 0042 03F00103 		and	r3, r3, #1
 285 0046 0293     		str	r3, [sp, #8]
 148:Src/stm32f7xx_hal_msp.c ****     /**UART4 GPIO Configuration    
 286              		.loc 1 148 5 view .LVU59
 287 0048 029B     		ldr	r3, [sp, #8]
 288              	.LBE6:
 148:Src/stm32f7xx_hal_msp.c ****     /**UART4 GPIO Configuration    
 289              		.loc 1 148 5 view .LVU60
 153:Src/stm32f7xx_hal_msp.c ****     GPIO_InitStruct.Mode = GPIO_MODE_AF_PP;
 290              		.loc 1 153 5 view .LVU61
 153:Src/stm32f7xx_hal_msp.c ****     GPIO_InitStruct.Mode = GPIO_MODE_AF_PP;
 291              		.loc 1 153 25 is_stmt 0 view .LVU62
 292 004a 4FF4C053 		mov	r3, #6144
 293 004e 0593     		str	r3, [sp, #20]
 154:Src/stm32f7xx_hal_msp.c ****     GPIO_InitStruct.Pull = GPIO_NOPULL;
ARM GAS  C:\Users\Giorgio\AppData\Local\Temp\ccrrPKCU.s 			page 10


 294              		.loc 1 154 5 is_stmt 1 view .LVU63
 154:Src/stm32f7xx_hal_msp.c ****     GPIO_InitStruct.Pull = GPIO_NOPULL;
 295              		.loc 1 154 26 is_stmt 0 view .LVU64
 296 0050 0223     		movs	r3, #2
 297 0052 0693     		str	r3, [sp, #24]
 155:Src/stm32f7xx_hal_msp.c ****     GPIO_InitStruct.Speed = GPIO_SPEED_FREQ_VERY_HIGH;
 298              		.loc 1 155 5 is_stmt 1 view .LVU65
 156:Src/stm32f7xx_hal_msp.c ****     GPIO_InitStruct.Alternate = GPIO_AF6_UART4;
 299              		.loc 1 156 5 view .LVU66
 156:Src/stm32f7xx_hal_msp.c ****     GPIO_InitStruct.Alternate = GPIO_AF6_UART4;
 300              		.loc 1 156 27 is_stmt 0 view .LVU67
 301 0054 0323     		movs	r3, #3
 302 0056 0893     		str	r3, [sp, #32]
 157:Src/stm32f7xx_hal_msp.c ****     HAL_GPIO_Init(GPIOA, &GPIO_InitStruct);
 303              		.loc 1 157 5 is_stmt 1 view .LVU68
 157:Src/stm32f7xx_hal_msp.c ****     HAL_GPIO_Init(GPIOA, &GPIO_InitStruct);
 304              		.loc 1 157 31 is_stmt 0 view .LVU69
 305 0058 0623     		movs	r3, #6
 306 005a 0993     		str	r3, [sp, #36]
 158:Src/stm32f7xx_hal_msp.c **** 
 307              		.loc 1 158 5 is_stmt 1 view .LVU70
 308 005c 05A9     		add	r1, sp, #20
 309 005e 2348     		ldr	r0, .L26+12
 310              	.LVL12:
 158:Src/stm32f7xx_hal_msp.c **** 
 311              		.loc 1 158 5 is_stmt 0 view .LVU71
 312 0060 FFF7FEFF 		bl	HAL_GPIO_Init
 313              	.LVL13:
 314 0064 DCE7     		b	.L18
 315              	.LVL14:
 316              	.L24:
 170:Src/stm32f7xx_hal_msp.c ****   
 317              		.loc 1 170 5 is_stmt 1 view .LVU72
 318              	.LBB7:
 170:Src/stm32f7xx_hal_msp.c ****   
 319              		.loc 1 170 5 view .LVU73
 170:Src/stm32f7xx_hal_msp.c ****   
 320              		.loc 1 170 5 view .LVU74
 321 0066 204B     		ldr	r3, .L26+8
 322 0068 1A6C     		ldr	r2, [r3, #64]
 323 006a 42F08042 		orr	r2, r2, #1073741824
 324 006e 1A64     		str	r2, [r3, #64]
 170:Src/stm32f7xx_hal_msp.c ****   
 325              		.loc 1 170 5 view .LVU75
 326 0070 1A6C     		ldr	r2, [r3, #64]
 327 0072 02F08042 		and	r2, r2, #1073741824
 328 0076 0392     		str	r2, [sp, #12]
 170:Src/stm32f7xx_hal_msp.c ****   
 329              		.loc 1 170 5 view .LVU76
 330 0078 039A     		ldr	r2, [sp, #12]
 331              	.LBE7:
 170:Src/stm32f7xx_hal_msp.c ****   
 332              		.loc 1 170 5 view .LVU77
 172:Src/stm32f7xx_hal_msp.c ****     /**UART7 GPIO Configuration    
 333              		.loc 1 172 5 view .LVU78
 334              	.LBB8:
 172:Src/stm32f7xx_hal_msp.c ****     /**UART7 GPIO Configuration    
ARM GAS  C:\Users\Giorgio\AppData\Local\Temp\ccrrPKCU.s 			page 11


 335              		.loc 1 172 5 view .LVU79
 172:Src/stm32f7xx_hal_msp.c ****     /**UART7 GPIO Configuration    
 336              		.loc 1 172 5 view .LVU80
 337 007a 1A6B     		ldr	r2, [r3, #48]
 338 007c 42F01002 		orr	r2, r2, #16
 339 0080 1A63     		str	r2, [r3, #48]
 172:Src/stm32f7xx_hal_msp.c ****     /**UART7 GPIO Configuration    
 340              		.loc 1 172 5 view .LVU81
 341 0082 1B6B     		ldr	r3, [r3, #48]
 342 0084 03F01003 		and	r3, r3, #16
 343 0088 0493     		str	r3, [sp, #16]
 172:Src/stm32f7xx_hal_msp.c ****     /**UART7 GPIO Configuration    
 344              		.loc 1 172 5 view .LVU82
 345 008a 049B     		ldr	r3, [sp, #16]
 346              	.LBE8:
 172:Src/stm32f7xx_hal_msp.c ****     /**UART7 GPIO Configuration    
 347              		.loc 1 172 5 view .LVU83
 177:Src/stm32f7xx_hal_msp.c ****     GPIO_InitStruct.Mode = GPIO_MODE_AF_PP;
 348              		.loc 1 177 5 view .LVU84
 177:Src/stm32f7xx_hal_msp.c ****     GPIO_InitStruct.Mode = GPIO_MODE_AF_PP;
 349              		.loc 1 177 25 is_stmt 0 view .LVU85
 350 008c 4FF4C073 		mov	r3, #384
 351 0090 0593     		str	r3, [sp, #20]
 178:Src/stm32f7xx_hal_msp.c ****     GPIO_InitStruct.Pull = GPIO_NOPULL;
 352              		.loc 1 178 5 is_stmt 1 view .LVU86
 178:Src/stm32f7xx_hal_msp.c ****     GPIO_InitStruct.Pull = GPIO_NOPULL;
 353              		.loc 1 178 26 is_stmt 0 view .LVU87
 354 0092 0223     		movs	r3, #2
 355 0094 0693     		str	r3, [sp, #24]
 179:Src/stm32f7xx_hal_msp.c ****     GPIO_InitStruct.Speed = GPIO_SPEED_FREQ_VERY_HIGH;
 356              		.loc 1 179 5 is_stmt 1 view .LVU88
 180:Src/stm32f7xx_hal_msp.c ****     GPIO_InitStruct.Alternate = GPIO_AF8_UART7;
 357              		.loc 1 180 5 view .LVU89
 180:Src/stm32f7xx_hal_msp.c ****     GPIO_InitStruct.Alternate = GPIO_AF8_UART7;
 358              		.loc 1 180 27 is_stmt 0 view .LVU90
 359 0096 0323     		movs	r3, #3
 360 0098 0893     		str	r3, [sp, #32]
 181:Src/stm32f7xx_hal_msp.c ****     HAL_GPIO_Init(GPIOE, &GPIO_InitStruct);
 361              		.loc 1 181 5 is_stmt 1 view .LVU91
 181:Src/stm32f7xx_hal_msp.c ****     HAL_GPIO_Init(GPIOE, &GPIO_InitStruct);
 362              		.loc 1 181 31 is_stmt 0 view .LVU92
 363 009a 0823     		movs	r3, #8
 364 009c 0993     		str	r3, [sp, #36]
 182:Src/stm32f7xx_hal_msp.c **** 
 365              		.loc 1 182 5 is_stmt 1 view .LVU93
 366 009e 05A9     		add	r1, sp, #20
 367 00a0 1348     		ldr	r0, .L26+16
 368              	.LVL15:
 182:Src/stm32f7xx_hal_msp.c **** 
 369              		.loc 1 182 5 is_stmt 0 view .LVU94
 370 00a2 FFF7FEFF 		bl	HAL_GPIO_Init
 371              	.LVL16:
 186:Src/stm32f7xx_hal_msp.c ****     hdma_uart7_rx.Init.Channel = DMA_CHANNEL_5;
 372              		.loc 1 186 5 is_stmt 1 view .LVU95
 186:Src/stm32f7xx_hal_msp.c ****     hdma_uart7_rx.Init.Channel = DMA_CHANNEL_5;
 373              		.loc 1 186 28 is_stmt 0 view .LVU96
 374 00a6 1348     		ldr	r0, .L26+20
ARM GAS  C:\Users\Giorgio\AppData\Local\Temp\ccrrPKCU.s 			page 12


 375 00a8 134B     		ldr	r3, .L26+24
 376 00aa 0360     		str	r3, [r0]
 187:Src/stm32f7xx_hal_msp.c ****     hdma_uart7_rx.Init.Direction = DMA_PERIPH_TO_MEMORY;
 377              		.loc 1 187 5 is_stmt 1 view .LVU97
 187:Src/stm32f7xx_hal_msp.c ****     hdma_uart7_rx.Init.Direction = DMA_PERIPH_TO_MEMORY;
 378              		.loc 1 187 32 is_stmt 0 view .LVU98
 379 00ac 4FF02063 		mov	r3, #167772160
 380 00b0 4360     		str	r3, [r0, #4]
 188:Src/stm32f7xx_hal_msp.c ****     hdma_uart7_rx.Init.PeriphInc = DMA_PINC_DISABLE;
 381              		.loc 1 188 5 is_stmt 1 view .LVU99
 188:Src/stm32f7xx_hal_msp.c ****     hdma_uart7_rx.Init.PeriphInc = DMA_PINC_DISABLE;
 382              		.loc 1 188 34 is_stmt 0 view .LVU100
 383 00b2 0023     		movs	r3, #0
 384 00b4 8360     		str	r3, [r0, #8]
 189:Src/stm32f7xx_hal_msp.c ****     hdma_uart7_rx.Init.MemInc = DMA_MINC_ENABLE;
 385              		.loc 1 189 5 is_stmt 1 view .LVU101
 189:Src/stm32f7xx_hal_msp.c ****     hdma_uart7_rx.Init.MemInc = DMA_MINC_ENABLE;
 386              		.loc 1 189 34 is_stmt 0 view .LVU102
 387 00b6 C360     		str	r3, [r0, #12]
 190:Src/stm32f7xx_hal_msp.c ****     hdma_uart7_rx.Init.PeriphDataAlignment = DMA_PDATAALIGN_BYTE;
 388              		.loc 1 190 5 is_stmt 1 view .LVU103
 190:Src/stm32f7xx_hal_msp.c ****     hdma_uart7_rx.Init.PeriphDataAlignment = DMA_PDATAALIGN_BYTE;
 389              		.loc 1 190 31 is_stmt 0 view .LVU104
 390 00b8 4FF48062 		mov	r2, #1024
 391 00bc 0261     		str	r2, [r0, #16]
 191:Src/stm32f7xx_hal_msp.c ****     hdma_uart7_rx.Init.MemDataAlignment = DMA_MDATAALIGN_BYTE;
 392              		.loc 1 191 5 is_stmt 1 view .LVU105
 191:Src/stm32f7xx_hal_msp.c ****     hdma_uart7_rx.Init.MemDataAlignment = DMA_MDATAALIGN_BYTE;
 393              		.loc 1 191 44 is_stmt 0 view .LVU106
 394 00be 4361     		str	r3, [r0, #20]
 192:Src/stm32f7xx_hal_msp.c ****     hdma_uart7_rx.Init.Mode = DMA_NORMAL;
 395              		.loc 1 192 5 is_stmt 1 view .LVU107
 192:Src/stm32f7xx_hal_msp.c ****     hdma_uart7_rx.Init.Mode = DMA_NORMAL;
 396              		.loc 1 192 41 is_stmt 0 view .LVU108
 397 00c0 8361     		str	r3, [r0, #24]
 193:Src/stm32f7xx_hal_msp.c ****     hdma_uart7_rx.Init.Priority = DMA_PRIORITY_HIGH;
 398              		.loc 1 193 5 is_stmt 1 view .LVU109
 193:Src/stm32f7xx_hal_msp.c ****     hdma_uart7_rx.Init.Priority = DMA_PRIORITY_HIGH;
 399              		.loc 1 193 29 is_stmt 0 view .LVU110
 400 00c2 C361     		str	r3, [r0, #28]
 194:Src/stm32f7xx_hal_msp.c ****     hdma_uart7_rx.Init.FIFOMode = DMA_FIFOMODE_DISABLE;
 401              		.loc 1 194 5 is_stmt 1 view .LVU111
 194:Src/stm32f7xx_hal_msp.c ****     hdma_uart7_rx.Init.FIFOMode = DMA_FIFOMODE_DISABLE;
 402              		.loc 1 194 33 is_stmt 0 view .LVU112
 403 00c4 4FF40032 		mov	r2, #131072
 404 00c8 0262     		str	r2, [r0, #32]
 195:Src/stm32f7xx_hal_msp.c ****     if (HAL_DMA_Init(&hdma_uart7_rx) != HAL_OK)
 405              		.loc 1 195 5 is_stmt 1 view .LVU113
 195:Src/stm32f7xx_hal_msp.c ****     if (HAL_DMA_Init(&hdma_uart7_rx) != HAL_OK)
 406              		.loc 1 195 33 is_stmt 0 view .LVU114
 407 00ca 4362     		str	r3, [r0, #36]
 196:Src/stm32f7xx_hal_msp.c ****     {
 408              		.loc 1 196 5 is_stmt 1 view .LVU115
 196:Src/stm32f7xx_hal_msp.c ****     {
 409              		.loc 1 196 9 is_stmt 0 view .LVU116
 410 00cc FFF7FEFF 		bl	HAL_DMA_Init
 411              	.LVL17:
ARM GAS  C:\Users\Giorgio\AppData\Local\Temp\ccrrPKCU.s 			page 13


 196:Src/stm32f7xx_hal_msp.c ****     {
 412              		.loc 1 196 8 view .LVU117
 413 00d0 18B9     		cbnz	r0, .L25
 414              	.L21:
 201:Src/stm32f7xx_hal_msp.c **** 
 415              		.loc 1 201 5 is_stmt 1 view .LVU118
 201:Src/stm32f7xx_hal_msp.c **** 
 416              		.loc 1 201 5 view .LVU119
 417 00d2 084B     		ldr	r3, .L26+20
 418 00d4 E366     		str	r3, [r4, #108]
 201:Src/stm32f7xx_hal_msp.c **** 
 419              		.loc 1 201 5 view .LVU120
 420 00d6 9C63     		str	r4, [r3, #56]
 201:Src/stm32f7xx_hal_msp.c **** 
 421              		.loc 1 201 5 view .LVU121
 422              		.loc 1 208 1 is_stmt 0 view .LVU122
 423 00d8 A2E7     		b	.L18
 424              	.L25:
 198:Src/stm32f7xx_hal_msp.c ****     }
 425              		.loc 1 198 7 is_stmt 1 view .LVU123
 426 00da FFF7FEFF 		bl	Error_Handler
 427              	.LVL18:
 428 00de F8E7     		b	.L21
 429              	.L27:
 430              		.align	2
 431              	.L26:
 432 00e0 004C0040 		.word	1073761280
 433 00e4 00780040 		.word	1073772544
 434 00e8 00380240 		.word	1073887232
 435 00ec 00000240 		.word	1073872896
 436 00f0 00100240 		.word	1073876992
 437 00f4 00000000 		.word	hdma_uart7_rx
 438 00f8 58600240 		.word	1073897560
 439              		.cfi_endproc
 440              	.LFE851:
 442              		.section	.text.HAL_UART_MspDeInit,"ax",%progbits
 443              		.align	1
 444              		.global	HAL_UART_MspDeInit
 445              		.syntax unified
 446              		.thumb
 447              		.thumb_func
 448              		.fpu fpv5-d16
 450              	HAL_UART_MspDeInit:
 451              	.LVL19:
 452              	.LFB852:
 209:Src/stm32f7xx_hal_msp.c **** 
 210:Src/stm32f7xx_hal_msp.c **** /**
 211:Src/stm32f7xx_hal_msp.c **** * @brief UART MSP De-Initialization
 212:Src/stm32f7xx_hal_msp.c **** * This function freeze the hardware resources used in this example
 213:Src/stm32f7xx_hal_msp.c **** * @param huart: UART handle pointer
 214:Src/stm32f7xx_hal_msp.c **** * @retval None
 215:Src/stm32f7xx_hal_msp.c **** */
 216:Src/stm32f7xx_hal_msp.c **** void HAL_UART_MspDeInit(UART_HandleTypeDef* huart)
 217:Src/stm32f7xx_hal_msp.c **** {
 453              		.loc 1 217 1 view -0
 454              		.cfi_startproc
 455              		@ args = 0, pretend = 0, frame = 0
ARM GAS  C:\Users\Giorgio\AppData\Local\Temp\ccrrPKCU.s 			page 14


 456              		@ frame_needed = 0, uses_anonymous_args = 0
 457              		.loc 1 217 1 is_stmt 0 view .LVU125
 458 0000 10B5     		push	{r4, lr}
 459              	.LCFI10:
 460              		.cfi_def_cfa_offset 8
 461              		.cfi_offset 4, -8
 462              		.cfi_offset 14, -4
 218:Src/stm32f7xx_hal_msp.c ****   if(huart->Instance==UART4)
 463              		.loc 1 218 3 is_stmt 1 view .LVU126
 464              		.loc 1 218 11 is_stmt 0 view .LVU127
 465 0002 0368     		ldr	r3, [r0]
 466              		.loc 1 218 5 view .LVU128
 467 0004 114A     		ldr	r2, .L34
 468 0006 9342     		cmp	r3, r2
 469 0008 04D0     		beq	.L32
 470 000a 0446     		mov	r4, r0
 219:Src/stm32f7xx_hal_msp.c ****   {
 220:Src/stm32f7xx_hal_msp.c ****   /* USER CODE BEGIN UART4_MspDeInit 0 */
 221:Src/stm32f7xx_hal_msp.c **** 
 222:Src/stm32f7xx_hal_msp.c ****   /* USER CODE END UART4_MspDeInit 0 */
 223:Src/stm32f7xx_hal_msp.c ****     /* Peripheral clock disable */
 224:Src/stm32f7xx_hal_msp.c ****     __HAL_RCC_UART4_CLK_DISABLE();
 225:Src/stm32f7xx_hal_msp.c ****   
 226:Src/stm32f7xx_hal_msp.c ****     /**UART4 GPIO Configuration    
 227:Src/stm32f7xx_hal_msp.c ****     PA11     ------> UART4_RX
 228:Src/stm32f7xx_hal_msp.c ****     PA12     ------> UART4_TX 
 229:Src/stm32f7xx_hal_msp.c ****     */
 230:Src/stm32f7xx_hal_msp.c ****     HAL_GPIO_DeInit(GPIOA, GPIO_PIN_11|GPIO_PIN_12);
 231:Src/stm32f7xx_hal_msp.c **** 
 232:Src/stm32f7xx_hal_msp.c ****   /* USER CODE BEGIN UART4_MspDeInit 1 */
 233:Src/stm32f7xx_hal_msp.c **** 
 234:Src/stm32f7xx_hal_msp.c ****   /* USER CODE END UART4_MspDeInit 1 */
 235:Src/stm32f7xx_hal_msp.c ****   }
 236:Src/stm32f7xx_hal_msp.c ****   else if(huart->Instance==UART7)
 471              		.loc 1 236 8 is_stmt 1 view .LVU129
 472              		.loc 1 236 10 is_stmt 0 view .LVU130
 473 000c 104A     		ldr	r2, .L34+4
 474 000e 9342     		cmp	r3, r2
 475 0010 0CD0     		beq	.L33
 476              	.LVL20:
 477              	.L28:
 237:Src/stm32f7xx_hal_msp.c ****   {
 238:Src/stm32f7xx_hal_msp.c ****   /* USER CODE BEGIN UART7_MspDeInit 0 */
 239:Src/stm32f7xx_hal_msp.c **** 
 240:Src/stm32f7xx_hal_msp.c ****   /* USER CODE END UART7_MspDeInit 0 */
 241:Src/stm32f7xx_hal_msp.c ****     /* Peripheral clock disable */
 242:Src/stm32f7xx_hal_msp.c ****     __HAL_RCC_UART7_CLK_DISABLE();
 243:Src/stm32f7xx_hal_msp.c ****   
 244:Src/stm32f7xx_hal_msp.c ****     /**UART7 GPIO Configuration    
 245:Src/stm32f7xx_hal_msp.c ****     PE7     ------> UART7_RX
 246:Src/stm32f7xx_hal_msp.c ****     PE8     ------> UART7_TX 
 247:Src/stm32f7xx_hal_msp.c ****     */
 248:Src/stm32f7xx_hal_msp.c ****     HAL_GPIO_DeInit(GPIOE, GPIO_PIN_7|GPIO_PIN_8);
 249:Src/stm32f7xx_hal_msp.c **** 
 250:Src/stm32f7xx_hal_msp.c ****     /* UART7 DMA DeInit */
 251:Src/stm32f7xx_hal_msp.c ****     HAL_DMA_DeInit(huart->hdmarx);
 252:Src/stm32f7xx_hal_msp.c ****   /* USER CODE BEGIN UART7_MspDeInit 1 */
ARM GAS  C:\Users\Giorgio\AppData\Local\Temp\ccrrPKCU.s 			page 15


 253:Src/stm32f7xx_hal_msp.c **** 
 254:Src/stm32f7xx_hal_msp.c ****   /* USER CODE END UART7_MspDeInit 1 */
 255:Src/stm32f7xx_hal_msp.c ****   }
 256:Src/stm32f7xx_hal_msp.c **** 
 257:Src/stm32f7xx_hal_msp.c **** }
 478              		.loc 1 257 1 view .LVU131
 479 0012 10BD     		pop	{r4, pc}
 480              	.LVL21:
 481              	.L32:
 224:Src/stm32f7xx_hal_msp.c ****   
 482              		.loc 1 224 5 is_stmt 1 view .LVU132
 483 0014 02F5F632 		add	r2, r2, #125952
 484 0018 136C     		ldr	r3, [r2, #64]
 485 001a 23F40023 		bic	r3, r3, #524288
 486 001e 1364     		str	r3, [r2, #64]
 230:Src/stm32f7xx_hal_msp.c **** 
 487              		.loc 1 230 5 view .LVU133
 488 0020 4FF4C051 		mov	r1, #6144
 489 0024 0B48     		ldr	r0, .L34+8
 490              	.LVL22:
 230:Src/stm32f7xx_hal_msp.c **** 
 491              		.loc 1 230 5 is_stmt 0 view .LVU134
 492 0026 FFF7FEFF 		bl	HAL_GPIO_DeInit
 493              	.LVL23:
 494 002a F2E7     		b	.L28
 495              	.LVL24:
 496              	.L33:
 242:Src/stm32f7xx_hal_msp.c ****   
 497              		.loc 1 242 5 is_stmt 1 view .LVU135
 498 002c 02F5E032 		add	r2, r2, #114688
 499 0030 136C     		ldr	r3, [r2, #64]
 500 0032 23F08043 		bic	r3, r3, #1073741824
 501 0036 1364     		str	r3, [r2, #64]
 248:Src/stm32f7xx_hal_msp.c **** 
 502              		.loc 1 248 5 view .LVU136
 503 0038 4FF4C071 		mov	r1, #384
 504 003c 0648     		ldr	r0, .L34+12
 505              	.LVL25:
 248:Src/stm32f7xx_hal_msp.c **** 
 506              		.loc 1 248 5 is_stmt 0 view .LVU137
 507 003e FFF7FEFF 		bl	HAL_GPIO_DeInit
 508              	.LVL26:
 251:Src/stm32f7xx_hal_msp.c ****   /* USER CODE BEGIN UART7_MspDeInit 1 */
 509              		.loc 1 251 5 is_stmt 1 view .LVU138
 510 0042 E06E     		ldr	r0, [r4, #108]
 511 0044 FFF7FEFF 		bl	HAL_DMA_DeInit
 512              	.LVL27:
 513              		.loc 1 257 1 is_stmt 0 view .LVU139
 514 0048 E3E7     		b	.L28
 515              	.L35:
 516 004a 00BF     		.align	2
 517              	.L34:
 518 004c 004C0040 		.word	1073761280
 519 0050 00780040 		.word	1073772544
 520 0054 00000240 		.word	1073872896
 521 0058 00100240 		.word	1073876992
 522              		.cfi_endproc
ARM GAS  C:\Users\Giorgio\AppData\Local\Temp\ccrrPKCU.s 			page 16


 523              	.LFE852:
 525              		.text
 526              	.Letext0:
 527              		.file 2 "c:\\program files (x86)\\gnu arm embedded toolchain\\10 2020-q4-major\\arm-none-eabi\\inc
 528              		.file 3 "c:\\program files (x86)\\gnu arm embedded toolchain\\10 2020-q4-major\\arm-none-eabi\\inc
 529              		.file 4 "Drivers/CMSIS/Device/ST/STM32F7xx/Include/stm32f767xx.h"
 530              		.file 5 "Drivers/STM32F7xx_HAL_Driver/Inc/stm32f7xx_hal_def.h"
 531              		.file 6 "Drivers/STM32F7xx_HAL_Driver/Inc/stm32f7xx_hal_gpio.h"
 532              		.file 7 "Drivers/STM32F7xx_HAL_Driver/Inc/stm32f7xx_hal_dma.h"
 533              		.file 8 "Drivers/STM32F7xx_HAL_Driver/Inc/stm32f7xx_hal_tim.h"
 534              		.file 9 "Drivers/STM32F7xx_HAL_Driver/Inc/stm32f7xx_hal_uart.h"
 535              		.file 10 "Drivers/STM32F7xx_HAL_Driver/Inc/stm32f7xx_ll_tim.h"
 536              		.file 11 "Drivers/STM32F7xx_HAL_Driver/Inc/stm32f7xx_ll_rcc.h"
 537              		.file 12 "Drivers/STM32F7xx_HAL_Driver/Inc/stm32f7xx_ll_dma.h"
 538              		.file 13 "Inc/main.h"
 539              		.file 14 "Drivers/STM32F7xx_HAL_Driver/Inc/stm32f7xx_hal_cortex.h"
ARM GAS  C:\Users\Giorgio\AppData\Local\Temp\ccrrPKCU.s 			page 17


DEFINED SYMBOLS
                            *ABS*:00000000 stm32f7xx_hal_msp.c
C:\Users\Giorgio\AppData\Local\Temp\ccrrPKCU.s:17     .text.HAL_MspInit:00000000 $t
C:\Users\Giorgio\AppData\Local\Temp\ccrrPKCU.s:25     .text.HAL_MspInit:00000000 HAL_MspInit
C:\Users\Giorgio\AppData\Local\Temp\ccrrPKCU.s:76     .text.HAL_MspInit:0000002c $d
C:\Users\Giorgio\AppData\Local\Temp\ccrrPKCU.s:81     .text.HAL_TIM_Base_MspInit:00000000 $t
C:\Users\Giorgio\AppData\Local\Temp\ccrrPKCU.s:88     .text.HAL_TIM_Base_MspInit:00000000 HAL_TIM_Base_MspInit
C:\Users\Giorgio\AppData\Local\Temp\ccrrPKCU.s:149    .text.HAL_TIM_Base_MspDeInit:00000000 $t
C:\Users\Giorgio\AppData\Local\Temp\ccrrPKCU.s:156    .text.HAL_TIM_Base_MspDeInit:00000000 HAL_TIM_Base_MspDeInit
C:\Users\Giorgio\AppData\Local\Temp\ccrrPKCU.s:197    .text.HAL_TIM_Base_MspDeInit:00000020 $d
C:\Users\Giorgio\AppData\Local\Temp\ccrrPKCU.s:202    .text.HAL_UART_MspInit:00000000 $t
C:\Users\Giorgio\AppData\Local\Temp\ccrrPKCU.s:209    .text.HAL_UART_MspInit:00000000 HAL_UART_MspInit
C:\Users\Giorgio\AppData\Local\Temp\ccrrPKCU.s:432    .text.HAL_UART_MspInit:000000e0 $d
C:\Users\Giorgio\AppData\Local\Temp\ccrrPKCU.s:443    .text.HAL_UART_MspDeInit:00000000 $t
C:\Users\Giorgio\AppData\Local\Temp\ccrrPKCU.s:450    .text.HAL_UART_MspDeInit:00000000 HAL_UART_MspDeInit
C:\Users\Giorgio\AppData\Local\Temp\ccrrPKCU.s:518    .text.HAL_UART_MspDeInit:0000004c $d

UNDEFINED SYMBOLS
HAL_NVIC_SetPriority
HAL_NVIC_EnableIRQ
HAL_NVIC_DisableIRQ
HAL_GPIO_Init
HAL_DMA_Init
Error_Handler
hdma_uart7_rx
HAL_GPIO_DeInit
HAL_DMA_DeInit
